TN:
SF:src/components/atoms/Button/Button.tsx
FN:13,(anonymous_1)
FNF:1
FNH:1
FNDA:12,(anonymous_1)
DA:13,12
DA:14,12
DA:25,3
LF:3
LH:3
BRDA:13,0,0,6
BRDA:17,1,0,7
BRDA:17,1,1,5
BRF:3
BRH:3
end_of_record
TN:
SF:src/components/atoms/Button/index.ts
FNF:0
FNH:0
DA:1,2
LF:1
LH:1
BRF:0
BRH:0
end_of_record
TN:
SF:src/features/example-feature/components/ExampleCard.tsx
FN:9,(anonymous_0)
FN:20,(anonymous_1)
FNF:2
FNH:2
FNDA:4,(anonymous_0)
FNDA:1,(anonymous_1)
DA:2,2
DA:3,2
DA:4,2
DA:9,2
DA:10,4
DA:11,4
DA:13,4
DA:20,1
LF:8
LH:8
BRF:0
BRH:0
end_of_record
TN:
SF:src/features/example-feature/hooks/useExample.ts
FN:6,useExample
FN:8,(anonymous_1)
FN:8,(anonymous_2)
FNF:3
FNH:3
FNDA:4,useExample
FNDA:1,(anonymous_1)
FNDA:1,(anonymous_2)
DA:1,2
DA:6,2
DA:7,4
DA:8,4
DA:9,4
LF:5
LH:5
BRF:0
BRH:0
end_of_record
TN:
SF:src/features/example-feature/pages/ExamplePage.tsx
FN:7,(anonymous_0)
FNF:1
FNH:1
FNDA:2,(anonymous_0)
DA:2,2
DA:7,2
DA:8,2
DA:13,2
LF:4
LH:4
BRF:0
BRH:0
end_of_record
TN:
SF:src/features/example-feature/store/exampleStore.ts
FN:8,(anonymous_0)
FN:10,(anonymous_1)
FNF:2
FNH:2
FNDA:2,(anonymous_0)
FNDA:1,(anonymous_1)
DA:1,2
DA:8,2
DA:10,1
LF:3
LH:3
BRF:0
BRH:0
end_of_record
